<?xml version="1.0" encoding="UTF-8"?>
<testng-results skipped="0" failed="1" ignored="0" total="5" passed="4">
  <reporter-output>
  </reporter-output>
  <suite name="Suite" duration-ms="72776" started-at="2019-03-29T09:52:06Z" finished-at="2019-03-29T09:53:19Z">
    <groups>
    </groups>
    <test name="Test" duration-ms="72776" started-at="2019-03-29T09:52:06Z" finished-at="2019-03-29T09:53:19Z">
      <class name="com.xforce.testscripts.WithDrawTest">
        <test-method status="PASS" signature="browserInt(java.lang.String)[pri:0, instance:com.xforce.testscripts.WithDrawTest@204f30ec]" name="browserInt" is-config="true" duration-ms="8581" started-at="2019-03-29T09:52:30Z" finished-at="2019-03-29T09:52:39Z">
          <params>
            <param index="0">
              <value>
                <![CDATA[chrome]]>
              </value>
            </param>
          </params>
          <reporter-output>
          </reporter-output>
        </test-method> <!-- browserInt -->
        <test-method status="PASS" signature="withDrawEleTest(java.lang.String, java.lang.String, java.lang.String)[pri:0, instance:com.xforce.testscripts.WithDrawTest@204f30ec]" name="withDrawEleTest" duration-ms="6095" started-at="2019-03-29T09:52:39Z" data-provider="withdrawAc" finished-at="2019-03-29T09:52:45Z">
          <params>
            <param index="0">
              <value>
                <![CDATA[777]]>
              </value>
            </param>
            <param index="1">
              <value>
                <![CDATA[50000]]>
              </value>
            </param>
            <param index="2">
              <value>
                <![CDATA[rent]]>
              </value>
            </param>
          </params>
          <reporter-output>
          </reporter-output>
        </test-method> <!-- withDrawEleTest -->
        <test-method status="PASS" signature="tearDown()[pri:0, instance:com.xforce.testscripts.WithDrawTest@204f30ec]" name="tearDown" is-config="true" duration-ms="926" started-at="2019-03-29T09:52:45Z" finished-at="2019-03-29T09:52:46Z">
          <reporter-output>
          </reporter-output>
        </test-method> <!-- tearDown -->
        <test-method status="PASS" signature="browserInt(java.lang.String)[pri:0, instance:com.xforce.testscripts.WithDrawTest@204f30ec]" name="browserInt" is-config="true" duration-ms="8471" started-at="2019-03-29T09:52:46Z" finished-at="2019-03-29T09:52:54Z">
          <params>
            <param index="0">
              <value>
                <![CDATA[chrome]]>
              </value>
            </param>
          </params>
          <reporter-output>
          </reporter-output>
        </test-method> <!-- browserInt -->
        <test-method status="PASS" signature="withDrawEleTest(java.lang.String, java.lang.String, java.lang.String)[pri:0, instance:com.xforce.testscripts.WithDrawTest@204f30ec]" name="withDrawEleTest" duration-ms="6832" started-at="2019-03-29T09:52:54Z" data-provider="withdrawAc" finished-at="2019-03-29T09:53:01Z">
          <params>
            <param index="0">
              <value>
                <![CDATA[888]]>
              </value>
            </param>
            <param index="1">
              <value>
                <![CDATA[60000]]>
              </value>
            </param>
            <param index="2">
              <value>
                <![CDATA[salary]]>
              </value>
            </param>
          </params>
          <reporter-output>
          </reporter-output>
        </test-method> <!-- withDrawEleTest -->
        <test-method status="PASS" signature="tearDown()[pri:0, instance:com.xforce.testscripts.WithDrawTest@204f30ec]" name="tearDown" is-config="true" duration-ms="984" started-at="2019-03-29T09:53:01Z" finished-at="2019-03-29T09:53:02Z">
          <reporter-output>
          </reporter-output>
        </test-method> <!-- tearDown -->
        <test-method status="PASS" signature="browserInt(java.lang.String)[pri:0, instance:com.xforce.testscripts.WithDrawTest@204f30ec]" name="browserInt" is-config="true" duration-ms="8552" started-at="2019-03-29T09:53:02Z" finished-at="2019-03-29T09:53:11Z">
          <params>
            <param index="0">
              <value>
                <![CDATA[chrome]]>
              </value>
            </param>
          </params>
          <reporter-output>
          </reporter-output>
        </test-method> <!-- browserInt -->
        <test-method status="PASS" signature="withDrawEleTest(java.lang.String, java.lang.String, java.lang.String)[pri:0, instance:com.xforce.testscripts.WithDrawTest@204f30ec]" name="withDrawEleTest" duration-ms="7163" started-at="2019-03-29T09:53:11Z" data-provider="withdrawAc" finished-at="2019-03-29T09:53:18Z">
          <params>
            <param index="0">
              <value>
                <![CDATA[999]]>
              </value>
            </param>
            <param index="1">
              <value>
                <![CDATA[70000]]>
              </value>
            </param>
            <param index="2">
              <value>
                <![CDATA[rent]]>
              </value>
            </param>
          </params>
          <reporter-output>
          </reporter-output>
        </test-method> <!-- withDrawEleTest -->
        <test-method status="PASS" signature="tearDown()[pri:0, instance:com.xforce.testscripts.WithDrawTest@204f30ec]" name="tearDown" is-config="true" duration-ms="914" started-at="2019-03-29T09:53:18Z" finished-at="2019-03-29T09:53:19Z">
          <reporter-output>
          </reporter-output>
        </test-method> <!-- tearDown -->
      </class> <!-- com.xforce.testscripts.WithDrawTest -->
      <class name="com.xforce.testscripts.LoginTest">
        <test-method status="PASS" signature="browserInt(java.lang.String)[pri:0, instance:com.xforce.testscripts.LoginTest@77cd7a0]" name="browserInt" is-config="true" duration-ms="9855" started-at="2019-03-29T09:52:06Z" finished-at="2019-03-29T09:52:16Z">
          <params>
            <param index="0">
              <value>
                <![CDATA[chrome]]>
              </value>
            </param>
          </params>
          <reporter-output>
          </reporter-output>
        </test-method> <!-- browserInt -->
        <test-method status="FAIL" signature="loginTestOp()[pri:0, instance:com.xforce.testscripts.LoginTest@77cd7a0]" name="loginTestOp" duration-ms="3080" started-at="2019-03-29T09:52:16Z" finished-at="2019-03-29T09:52:19Z">
          <exception class="java.lang.AssertionError">
            <message>
              <![CDATA[expected [true] but found [false]]]>
            </message>
            <full-stacktrace>
              <![CDATA[java.lang.AssertionError: expected [true] but found [false]
at org.testng.Assert.fail(Assert.java:96)
at org.testng.Assert.failNotEquals(Assert.java:776)
at org.testng.Assert.assertTrue(Assert.java:44)
at org.testng.Assert.assertTrue(Assert.java:54)
at com.xforce.testscripts.LoginTest.loginTestOp(LoginTest.java:31)
at sun.reflect.NativeMethodAccessorImpl.invoke0(Native Method)
at sun.reflect.NativeMethodAccessorImpl.invoke(Unknown Source)
at sun.reflect.DelegatingMethodAccessorImpl.invoke(Unknown Source)
at java.lang.reflect.Method.invoke(Unknown Source)
at org.testng.internal.MethodInvocationHelper.invokeMethod(MethodInvocationHelper.java:124)
at org.testng.internal.Invoker.invokeMethod(Invoker.java:583)
at org.testng.internal.Invoker.invokeTestMethod(Invoker.java:719)
at org.testng.internal.Invoker.invokeTestMethods(Invoker.java:989)
at org.testng.internal.TestMethodWorker.invokeTestMethods(TestMethodWorker.java:125)
at org.testng.internal.TestMethodWorker.run(TestMethodWorker.java:109)
at org.testng.TestRunner.privateRun(TestRunner.java:648)
at org.testng.TestRunner.run(TestRunner.java:505)
at org.testng.SuiteRunner.runTest(SuiteRunner.java:455)
at org.testng.SuiteRunner.runSequentially(SuiteRunner.java:450)
at org.testng.SuiteRunner.privateRun(SuiteRunner.java:415)
at org.testng.SuiteRunner.run(SuiteRunner.java:364)
at org.testng.SuiteRunnerWorker.runSuite(SuiteRunnerWorker.java:52)
at org.testng.SuiteRunnerWorker.run(SuiteRunnerWorker.java:84)
at org.testng.TestNG.runSuitesSequentially(TestNG.java:1208)
at org.testng.TestNG.runSuitesLocally(TestNG.java:1137)
at org.testng.TestNG.runSuites(TestNG.java:1049)
at org.testng.TestNG.run(TestNG.java:1017)
at org.testng.remote.AbstractRemoteTestNG.run(AbstractRemoteTestNG.java:115)
at org.testng.remote.RemoteTestNG.initAndRun(RemoteTestNG.java:251)
at org.testng.remote.RemoteTestNG.main(RemoteTestNG.java:77)
]]>
            </full-stacktrace>
          </exception> <!-- java.lang.AssertionError -->
          <reporter-output>
          </reporter-output>
        </test-method> <!-- loginTestOp -->
        <test-method status="PASS" signature="tearDown()[pri:0, instance:com.xforce.testscripts.LoginTest@77cd7a0]" name="tearDown" is-config="true" duration-ms="688" started-at="2019-03-29T09:52:19Z" finished-at="2019-03-29T09:52:20Z">
          <reporter-output>
          </reporter-output>
        </test-method> <!-- tearDown -->
        <test-method status="PASS" signature="browserInt(java.lang.String)[pri:0, instance:com.xforce.testscripts.LoginTest@77cd7a0]" name="browserInt" is-config="true" duration-ms="8100" started-at="2019-03-29T09:52:20Z" finished-at="2019-03-29T09:52:28Z">
          <params>
            <param index="0">
              <value>
                <![CDATA[chrome]]>
              </value>
            </param>
          </params>
          <reporter-output>
          </reporter-output>
        </test-method> <!-- browserInt -->
        <test-method status="PASS" signature="resetButtonTest()[pri:0, instance:com.xforce.testscripts.LoginTest@77cd7a0]" name="resetButtonTest" duration-ms="587" started-at="2019-03-29T09:52:28Z" finished-at="2019-03-29T09:52:29Z">
          <reporter-output>
          </reporter-output>
        </test-method> <!-- resetButtonTest -->
        <test-method status="PASS" signature="tearDown()[pri:0, instance:com.xforce.testscripts.LoginTest@77cd7a0]" name="tearDown" is-config="true" duration-ms="688" started-at="2019-03-29T09:52:29Z" finished-at="2019-03-29T09:52:29Z">
          <reporter-output>
          </reporter-output>
        </test-method> <!-- tearDown -->
      </class> <!-- com.xforce.testscripts.LoginTest -->
    </test> <!-- Test -->
  </suite> <!-- Suite -->
</testng-results>
